Error: Server startup failed: listen tcp 10.60.108.246:80: bind: address already in use
Start building sites … 
hugo v0.95.0-9F2E76AF+extended linux/amd64 BuildDate=2022-03-16T14:20:19Z VendorInfo=gohugoio

                   | EN  
-------------------+-----
  Pages            | 18  
  Paginator pages  |  0  
  Non-page files   |  0  
  Static files     | 59  
  Processed images |  0  
  Aliases          |  0  
  Sitemaps         |  1  
  Cleaned          |  0  

Built in 44 ms
Watching for changes in /catsmile/{archetypes,content,themes}
Watching for config changes in /catsmile/config.toml, /catsmile/themes/hugo-theme-relearn/config.toml
Environment: "development"
Serving pages from memory
Running in Fast Render Mode. For full rebuilds on change: hugo server --disableFastRender
Web Server is available at http://localhost:80/ (bind address 10.60.108.246)
Press Ctrl+C to stop

Change detected, rebuilding site.
2022-03-24 15:20:53.788 +0800
Source changed "/catsmile/content/catsmile/1001-ctc-loss.md": WRITE
Total in 31 ms

Change detected, rebuilding site.
2022-03-24 15:20:54.289 +0800
Source changed "/catsmile/content/catsmile/1001-ctc-loss.md": WRITE
Total in 27 ms

Change detected, rebuilding site.
2022-03-24 18:33:14.788 +0800
Source changed "/catsmile/content/catsmile/8002-pytorch-common-problems.py": WRITE
Total in 21 ms

Change detected, rebuilding site.
2022-03-24 18:34:11.788 +0800
Source changed "/catsmile/content/catsmile/8002-pytorch-common-problems.py": WRITE
Total in 20 ms

Change detected, rebuilding site.
2022-03-24 18:34:22.789 +0800
Source changed "/catsmile/content/catsmile/8002-pytorch-common-problems.py": WRITE
Total in 32 ms

Change detected, rebuilding site.
2022-03-24 18:34:23.289 +0800
Source changed "/catsmile/content/catsmile/8002-pytorch-common-problems.py": WRITE
Total in 26 ms

Change detected, rebuilding site.
2022-03-24 18:34:50.788 +0800
Source changed "/catsmile/content/catsmile/8002-pytorch-common-problems.py": WRITE
Total in 29 ms

Change detected, rebuilding site.
2022-03-24 18:36:16.788 +0800
Source changed "/catsmile/content/catsmile/8002-pytorch-common-problems.py": WRITE
Total in 19 ms

Change detected, rebuilding site.
2022-03-24 18:37:55.288 +0800
Source changed "/catsmile/content/catsmile/8002-pytorch-common-problems.py": WRITE
Total in 20 ms

Change detected, rebuilding site.
2022-03-24 18:38:10.289 +0800
Source changed "/catsmile/content/catsmile/8002-pytorch-common-problems.py": WRITE
Total in 24 ms

Change detected, rebuilding site.
2022-03-24 18:38:22.289 +0800
Source changed "/catsmile/content/catsmile/8002-pytorch-common-problems.py": WRITE
Total in 20 ms

Change detected, rebuilding site.
2022-03-24 18:38:47.289 +0800
Source changed "/catsmile/content/catsmile/8002-pytorch-common-problems.py": WRITE
Total in 28 ms

Change detected, rebuilding site.
2022-03-24 18:39:57.289 +0800
Source changed "/catsmile/content/catsmile/8002-pytorch-common-problems.py": WRITE
Total in 21 ms

Change detected, rebuilding site.
2022-03-24 18:39:57.789 +0800
Source changed "/catsmile/content/catsmile/8002-pytorch-common-problems.py": WRITE
Total in 31 ms

Change detected, rebuilding site.
2022-03-24 18:40:14.289 +0800
Source changed "/catsmile/content/catsmile/8002-pytorch-common-problems.py": WRITE
Total in 20 ms

Change detected, rebuilding site.
2022-03-24 18:40:22.288 +0800
Source changed "/catsmile/content/catsmile/8002-pytorch-common-problems.py": WRITE
Total in 24 ms

Change detected, rebuilding site.
2022-03-24 18:42:50.788 +0800
Source changed "/catsmile/content/catsmile/8002-pytorch-common-problems.py": WRITE
Total in 23 ms

Change detected, rebuilding site.
2022-03-24 18:42:51.288 +0800
Source changed "/catsmile/content/catsmile/8002-pytorch-common-problems.py": WRITE
Total in 22 ms

Change detected, rebuilding site.
2022-03-24 18:43:17.288 +0800
Source changed "/catsmile/content/catsmile/8002-pytorch-common-problems.py": WRITE
Total in 26 ms

Change detected, rebuilding site.
2022-03-24 18:43:17.789 +0800
Source changed "/catsmile/content/catsmile/8002-pytorch-common-problems.py": WRITE
Total in 19 ms

Change detected, rebuilding site.
2022-03-24 18:43:21.789 +0800
Source changed "/catsmile/content/catsmile/8002-pytorch-common-problems.py": WRITE
Total in 27 ms

Change detected, rebuilding site.
2022-03-24 18:43:22.289 +0800
Source changed "/catsmile/content/catsmile/8002-pytorch-common-problems.py": WRITE
Total in 20 ms

Change detected, rebuilding site.
2022-03-24 18:44:00.789 +0800
Source changed "/catsmile/content/catsmile/8002-pytorch-common-problems.py": WRITE
Total in 28 ms

Change detected, rebuilding site.
2022-03-24 18:46:41.289 +0800
Source changed "/catsmile/content/catsmile/8002-pytorch-common-problems.py": WRITE
Total in 20 ms

Change detected, rebuilding site.
2022-03-24 18:47:02.289 +0800
Source changed "/catsmile/content/catsmile/8002-pytorch-common-problems.py": WRITE
Total in 25 ms

Change detected, rebuilding site.
2022-03-24 18:47:02.788 +0800
Source changed "/catsmile/content/catsmile/8002-pytorch-common-problems.py": WRITE
Total in 24 ms

Change detected, rebuilding site.
2022-03-24 18:48:10.788 +0800
Source changed "/catsmile/content/catsmile/8500-pytorch-common-problems.py": WRITE
Total in 22 ms

Change detected, rebuilding site.
2022-03-24 18:48:11.789 +0800
Source changed "/catsmile/content/catsmile/8500-pytorch-common-problems.py": WRITE
Total in 24 ms

Change detected, rebuilding site.
2022-03-24 18:48:32.789 +0800
Source changed "/catsmile/content/catsmile/8500-pytorch-common-problems.md": WRITE
Total in 24 ms

Change detected, rebuilding site.
2022-03-24 18:49:26.789 +0800
Source changed "/catsmile/content/catsmile/8500-pytorch-common-problems.md": WRITE
Total in 27 ms

Change detected, rebuilding site.
2022-03-24 18:50:10.288 +0800
Source changed "/catsmile/content/catsmile/8500-pytorch-common-problems.md": WRITE
Total in 25 ms

Change detected, rebuilding site.
2022-03-24 18:50:25.288 +0800
Source changed "/catsmile/content/catsmile/8500-pytorch-common-problems.md": WRITE
Total in 31 ms

Change detected, rebuilding site.
2022-03-24 18:50:36.788 +0800
Source changed "/catsmile/content/catsmile/8500-pytorch-common-problems.md": WRITE
Total in 24 ms

Change detected, rebuilding site.
2022-03-24 18:52:01.289 +0800
Source changed "/catsmile/content/catsmile/8500-pytorch-common-problems.md": WRITE
Total in 29 ms

Change detected, rebuilding site.
2022-03-24 18:52:04.289 +0800
Source changed "/catsmile/content/catsmile/8500-pytorch-common-problems.md": WRITE
Total in 22 ms

Change detected, rebuilding site.
2022-03-24 18:53:36.788 +0800
Source changed "/catsmile/content/catsmile/8500-pytorch-common-problems.md": WRITE
Total in 24 ms

Change detected, rebuilding site.
2022-03-24 19:34:45.289 +0800
Source changed "/catsmile/content/catsmile/knowledgeGraph.md": WRITE
Source changed "/catsmile/content/catsmile/2001-RND.pptx": WRITE
Total in 30 ms

Change detected, rebuilding site.
2022-03-24 19:34:45.789 +0800
Source changed "/catsmile/content/catsmile/2001-RND.pptx": WRITE
Total in 46 ms

Change detected, rebuilding site.
2022-03-24 19:34:46.289 +0800
Source changed "/catsmile/content/catsmile/2001-RND.pptx": WRITE
Total in 27 ms

Change detected, rebuilding site.
2022-03-24 19:34:46.788 +0800
Source changed "/catsmile/content/catsmile/2001-RND.pptx": WRITE
Source changed "/catsmile/content/catsmile/2002-gpt.pptx": CREATE
Total in 37 ms

Change detected, rebuilding site.
2022-03-24 19:34:47.289 +0800
Source changed "/catsmile/content/catsmile/2002-gpt.pptx": WRITE
Total in 36 ms

Change detected, rebuilding site.
2022-03-24 19:35:08.789 +0800
Source changed "/catsmile/content/catsmile/8002-pytorch-common-problems.py": REMOVE
Source changed "/catsmile/content/catsmile/8500-pytorch-common-problems.py": REMOVE
Total in 30 ms

Change detected, rebuilding site.
2022-03-24 19:35:32.289 +0800
Source changed "/catsmile/content/catsmile/knowledgeGraph.md": RENAME
Source changed "/catsmile/content/catsmile/3001-kg-study.md": CREATE
Total in 40 ms

Change detected, rebuilding site.
2022-03-24 19:36:54.788 +0800
Source changed "/catsmile/content/catsmile/3001-kg-study.md": WRITE
Total in 32 ms

Change detected, rebuilding site.
2022-03-24 19:37:32.289 +0800
Source changed "/catsmile/content/catsmile/3001-kg-study.md": WRITE
Total in 30 ms

Change detected, rebuilding site.
2022-03-24 19:50:52.788 +0800
Source changed "/catsmile/content/catsmile/9003-junction-tree.md": WRITE
Total in 32 ms

Change detected, rebuilding site.
2022-03-24 19:51:30.789 +0800
Source changed "/catsmile/content/catsmile/9003-junction-tree.md": WRITE
Total in 32 ms

Change detected, rebuilding site.
2022-03-24 19:51:44.789 +0800
Source changed "/catsmile/content/catsmile/9003-junction-tree.md": WRITE
Total in 35 ms

Change detected, rebuilding site.
2022-03-24 19:52:24.288 +0800
Source changed "/catsmile/content/catsmile/9003-junction-tree.md": WRITE
Total in 39 ms

Change detected, rebuilding site.
2022-03-24 19:52:37.288 +0800
Source changed "/catsmile/content/catsmile/9003-junction-tree.md": WRITE
Total in 37 ms

Change detected, rebuilding site.
2022-03-24 19:52:37.789 +0800
Source changed "/catsmile/content/catsmile/9003-junction-tree.md": WRITE
Total in 33 ms

Change detected, rebuilding site.
2022-03-24 19:52:40.289 +0800
Source changed "/catsmile/content/catsmile/9003-junction-tree.md": WRITE
Total in 37 ms

Change detected, rebuilding site.
2022-03-24 19:53:07.788 +0800
Source changed "/catsmile/content/catsmile/9003-junction-tree.md": WRITE
Total in 42 ms

Change detected, rebuilding site.
2022-03-24 19:54:09.289 +0800
Source changed "/catsmile/content/catsmile/9003-junction-tree.md": WRITE
Total in 34 ms

Change detected, rebuilding site.
2022-03-24 19:54:52.789 +0800
Source changed "/catsmile/content/catsmile/CuvzW4au": RENAME
Source changed "/catsmile/content/catsmile/_index.md": CREATE
Total in 37 ms

Change detected, rebuilding site.
2022-03-24 19:55:40.289 +0800
Source changed "/catsmile/content/catsmile/8001-intro.md": WRITE
Total in 35 ms

Change detected, rebuilding site.
2022-03-24 19:58:42.288 +0800
Source changed "/catsmile/content/catsmile/3001-kg-study.md": WRITE
Total in 33 ms

Change detected, rebuilding site.
2022-03-24 19:58:45.788 +0800
Source changed "/catsmile/content/catsmile/3001-kg-study.md": WRITE
Total in 35 ms

Change detected, rebuilding site.
2022-03-24 19:59:26.289 +0800
Source changed "/catsmile/content/catsmile/3001-kg-study.md": WRITE
Total in 44 ms

Change detected, rebuilding site.
2022-03-24 19:59:49.289 +0800
Source changed "/catsmile/content/catsmile/3001-kg-study.md": WRITE
Total in 36 ms

Change detected, rebuilding site.
2022-03-24 20:43:19.789 +0800
Source changed "/catsmile/content/catsmile/3001-kg-study.md": WRITE
Total in 34 ms

Change detected, rebuilding site.
2022-03-24 20:43:53.289 +0800
Source changed "/catsmile/content/catsmile/3001-kg-study.md": WRITE
Total in 36 ms
2022/03/25 10:58:51 http: URL query contains semicolon, which is no longer a supported separator; parts of the query may be stripped when parsed; see golang.org/issue/25192

Change detected, rebuilding site.
2022-03-25 11:26:55.289 +0800
Source changed "/catsmile/content/catsmile/8500-pytorch-common-problems.md": WRITE
Total in 32 ms

Change detected, rebuilding site.
2022-03-25 11:27:07.789 +0800
Source changed "/catsmile/content/catsmile/8500-pytorch-common-problems.md": WRITE
Total in 37 ms

Change detected, rebuilding site.
2022-03-25 11:27:19.788 +0800
Source changed "/catsmile/content/catsmile/8500-pytorch-common-problems.md": WRITE
Total in 41 ms

Change detected, rebuilding site.
2022-03-25 16:50:21.289 +0800
Source changed "/catsmile/content/catsmile/3001-kg-study.md": WRITE
Total in 38 ms

Change detected, rebuilding site.
2022-03-25 16:50:21.788 +0800
Source changed "/catsmile/content/catsmile/3001-kg-study.md": WRITE
Total in 36 ms

Change detected, rebuilding site.
2022-03-25 16:50:22.788 +0800
Source changed "/catsmile/content/catsmile/3001-kg-study.md": WRITE
Total in 38 ms

Change detected, rebuilding site.
2022-03-25 17:02:20.288 +0800
Source changed "/catsmile/content/catsmile/1005-hmm-overview.md": CREATE
Total in 49 ms

Change detected, rebuilding site.
2022-03-25 17:02:42.288 +0800
Source changed "/catsmile/content/catsmile/1005-hmm-overview.md": WRITE
Total in 37 ms

Change detected, rebuilding site.
2022-03-25 17:02:42.789 +0800
Source changed "/catsmile/content/catsmile/1005-hmm-overview.md": WRITE
Total in 42 ms

Change detected, rebuilding site.
2022-03-25 17:04:15.289 +0800
Source changed "/catsmile/content/catsmile/1005-hmm-overview.md": WRITE
Total in 47 ms

Change detected, rebuilding site.
2022-03-25 17:06:30.789 +0800
Source changed "/catsmile/content/catsmile/1005-hmm-overview.md": WRITE
Total in 46 ms

Change detected, rebuilding site.
2022-03-25 17:06:36.288 +0800
Source changed "/catsmile/content/catsmile/1005-hmm-overview.md": WRITE
Total in 40 ms

Change detected, rebuilding site.
2022-03-25 17:08:06.789 +0800
Source changed "/catsmile/content/catsmile/1005-hmm-overview.md": WRITE
Total in 41 ms

Change detected, rebuilding site.
2022-03-25 17:08:37.289 +0800
Source changed "/catsmile/content/catsmile/1005-hmm-overview.md": WRITE
Total in 36 ms

Change detected, rebuilding site.
2022-03-25 17:08:58.288 +0800
Source changed "/catsmile/content/catsmile/1005-hmm-overview.md": WRITE
Total in 55 ms

Change detected, rebuilding site.
2022-03-25 17:08:58.789 +0800
Source changed "/catsmile/content/catsmile/1005-hmm-overview.md": WRITE
Total in 37 ms

Change detected, rebuilding site.
2022-03-25 17:09:09.788 +0800
Source changed "/catsmile/content/catsmile/1005-hmm-overview.md": WRITE
Total in 36 ms

Change detected, rebuilding site.
2022-03-25 17:10:09.288 +0800
Source changed "/catsmile/content/catsmile/1005-hmm-overview.md": WRITE
Total in 42 ms

Change detected, rebuilding site.
2022-03-25 17:10:14.289 +0800
Source changed "/catsmile/content/catsmile/1005-hmm-overview.md": WRITE
Total in 40 ms

Change detected, rebuilding site.
2022-03-25 17:11:13.789 +0800
Source changed "/catsmile/content/catsmile/1005-hmm-overview.md": WRITE
Total in 42 ms

Change detected, rebuilding site.
2022-03-25 17:13:58.289 +0800
Source changed "/catsmile/content/catsmile/1005-hmm-overview.md": WRITE
Total in 35 ms

Change detected, rebuilding site.
2022-03-25 17:15:38.288 +0800
Source changed "/catsmile/content/catsmile/1005-hmm-overview.md": WRITE
Total in 36 ms

Change detected, rebuilding site.
2022-03-25 17:17:21.788 +0800
Source changed "/catsmile/content/catsmile/1005-hmm-overview.md": WRITE
Total in 35 ms

Change detected, rebuilding site.
2022-03-25 17:22:52.289 +0800
Source changed "/catsmile/content/catsmile/1005-hmm-overview.md": WRITE
Total in 35 ms

Change detected, rebuilding site.
2022-03-25 17:24:00.289 +0800
Source changed "/catsmile/content/catsmile/1005-hmm-overview.md": WRITE
Total in 38 ms

Change detected, rebuilding site.
2022-03-25 17:24:13.789 +0800
Source changed "/catsmile/content/catsmile/1005-hmm-overview.md": WRITE
Total in 35 ms

Change detected, rebuilding site.
2022-03-25 17:24:27.288 +0800
Source changed "/catsmile/content/catsmile/1005-hmm-overview.md": WRITE
Total in 42 ms

Change detected, rebuilding site.
2022-03-25 17:37:47.289 +0800
Source changed "/catsmile/content/catsmile/1005-hmm-overview.md": WRITE
Total in 38 ms

Change detected, rebuilding site.
2022-03-25 17:37:59.288 +0800
Source changed "/catsmile/content/catsmile/1005-hmm-overview.md": WRITE
Total in 43 ms
